TN:
SF:src\SubPage\Contact\contact.js
FN:1,validate
FN:38,validateName
FN:54,validateTelNumber
FN:70,validateEMail
FN:86,validatePassword
FN:102,sum
FNF:6
FNH:4
FNDA:0,validate
FNDA:2,validateName
FNDA:2,validateTelNumber
FNDA:2,validateEMail
FNDA:2,validatePassword
FNDA:0,sum
DA:1,1
DA:2,0
DA:3,0
DA:4,0
DA:5,0
DA:8,0
DA:11,0
DA:14,0
DA:17,0
DA:20,0
DA:34,0
DA:35,0
DA:39,2
DA:40,0
DA:41,0
DA:42,0
DA:44,2
DA:45,2
DA:46,1
DA:47,1
DA:49,1
DA:55,2
DA:56,0
DA:57,0
DA:58,0
DA:60,2
DA:61,2
DA:62,1
DA:63,1
DA:65,1
DA:71,2
DA:72,0
DA:73,0
DA:74,0
DA:76,2
DA:77,2
DA:78,1
DA:79,1
DA:81,1
DA:87,2
DA:88,1
DA:89,1
DA:90,1
DA:92,1
DA:93,1
DA:94,0
DA:95,0
DA:97,1
DA:103,0
LF:49
LH:26
BRDA:8,0,0,0
BRDA:8,0,1,0
BRDA:11,1,0,0
BRDA:11,1,1,0
BRDA:14,2,0,0
BRDA:14,2,1,0
BRDA:17,3,0,0
BRDA:17,3,1,0
BRDA:39,4,0,0
BRDA:39,4,1,2
BRDA:45,5,0,1
BRDA:45,5,1,1
BRDA:55,6,0,0
BRDA:55,6,1,2
BRDA:61,7,0,1
BRDA:61,7,1,1
BRDA:71,8,0,0
BRDA:71,8,1,2
BRDA:77,9,0,1
BRDA:77,9,1,1
BRDA:87,10,0,1
BRDA:87,10,1,1
BRDA:93,11,0,0
BRDA:93,11,1,1
BRF:24
BRH:12
end_of_record
